Watching for file changes with StatReloader
D:\GigBrains\Python разработчик\8. Фреймворк Django\HW\seminar\myapp\views.py changed, reloading.
Watching for file changes with StatReloader
D:\GigBrains\Python разработчик\8. Фреймворк Django\HW\seminar\myapp\views.py changed, reloading.
Watching for file changes with StatReloader
D:\GigBrains\Python разработчик\8. Фреймворк Django\HW\seminar\myapp\views.py changed, reloading.
Watching for file changes with StatReloader
D:\GigBrains\Python разработчик\8. Фреймворк Django\HW\seminar\myapp\views.py changed, reloading.
Watching for file changes with StatReloader
D:\GigBrains\Python разработчик\8. Фреймворк Django\HW\seminar\myapp\views.py changed, reloading.
Watching for file changes with StatReloader
D:\GigBrains\Python разработчик\8. Фреймворк Django\HW\seminar\myapp\views.py changed, reloading.
Watching for file changes with StatReloader
D:\GigBrains\Python разработчик\8. Фреймворк Django\HW\seminar\myapp\views.py changed, reloading.
Watching for file changes with StatReloader
D:\GigBrains\Python разработчик\8. Фреймворк Django\HW\seminar\myapp\views.py changed, reloading.
Watching for file changes with StatReloader
D:\GigBrains\Python разработчик\8. Фреймворк Django\HW\seminar\myapp\views.py changed, reloading.
Watching for file changes with StatReloader
D:\GigBrains\Python разработчик\8. Фреймворк Django\HW\seminar\myapp\views.py changed, reloading.
Watching for file changes with StatReloader
D:\GigBrains\Python разработчик\8. Фреймворк Django\HW\seminar\myapp\views.py changed, reloading.
Watching for file changes with StatReloader
D:\GigBrains\Python разработчик\8. Фреймворк Django\HW\seminar\myapp\views.py changed, reloading.
Watching for file changes with StatReloader
D:\GigBrains\Python разработчик\8. Фреймворк Django\HW\seminar\myapp\views.py changed, reloading.
Watching for file changes with StatReloader
D:\GigBrains\Python разработчик\8. Фреймворк Django\HW\seminar\myapp\views.py changed, reloading.
Watching for file changes with StatReloader
D:\GigBrains\Python разработчик\8. Фреймворк Django\HW\seminar\myapp\views.py changed, reloading.
Watching for file changes with StatReloader
D:\GigBrains\Python разработчик\8. Фреймворк Django\HW\seminar\myapp\views.py changed, reloading.
Watching for file changes with StatReloader
D:\GigBrains\Python разработчик\8. Фреймворк Django\HW\seminar\myapp\views.py changed, reloading.
Watching for file changes with StatReloader
D:\GigBrains\Python разработчик\8. Фреймворк Django\HW\seminar\myapp\views.py changed, reloading.
Watching for file changes with StatReloader
D:\GigBrains\Python разработчик\8. Фреймворк Django\HW\seminar\myapp\views.py changed, reloading.
Watching for file changes with StatReloader
D:\GigBrains\Python разработчик\8. Фреймворк Django\HW\seminar\myapp\views.py changed, reloading.
Watching for file changes with StatReloader
D:\GigBrains\Python разработчик\8. Фреймворк Django\HW\seminar\myapp\views.py changed, reloading.
Watching for file changes with StatReloader
D:\GigBrains\Python разработчик\8. Фреймворк Django\HW\seminar\myapp\views.py changed, reloading.
Watching for file changes with StatReloader
D:\GigBrains\Python разработчик\8. Фреймворк Django\HW\seminar\myapp\views.py changed, reloading.
Watching for file changes with StatReloader
D:\GigBrains\Python разработчик\8. Фреймворк Django\HW\seminar\myapp\views.py changed, reloading.
Watching for file changes with StatReloader
D:\GigBrains\Python разработчик\8. Фреймворк Django\HW\seminar\myapp\views.py changed, reloading.
Watching for file changes with StatReloader
D:\GigBrains\Python разработчик\8. Фреймворк Django\HW\seminar\myapp\views.py changed, reloading.
Watching for file changes with StatReloader
D:\GigBrains\Python разработчик\8. Фреймворк Django\HW\seminar\myapp\views.py changed, reloading.
Watching for file changes with StatReloader
D:\GigBrains\Python разработчик\8. Фреймворк Django\HW\seminar\myapp\views.py changed, reloading.
Watching for file changes with StatReloader
D:\GigBrains\Python разработчик\8. Фреймворк Django\HW\seminar\myapp\views.py changed, reloading.
Watching for file changes with StatReloader
D:\GigBrains\Python разработчик\8. Фреймворк Django\HW\seminar\myapp\views.py changed, reloading.
Watching for file changes with StatReloader
D:\GigBrains\Python разработчик\8. Фреймворк Django\HW\seminar\myapp\views.py changed, reloading.
Watching for file changes with StatReloader
D:\GigBrains\Python разработчик\8. Фреймворк Django\HW\seminar\myapp\views.py changed, reloading.
Watching for file changes with StatReloader
D:\GigBrains\Python разработчик\8. Фреймворк Django\HW\seminar\myapp\views.py changed, reloading.
Watching for file changes with StatReloader
D:\GigBrains\Python разработчик\8. Фреймворк Django\HW\seminar\myapp\views.py changed, reloading.
Watching for file changes with StatReloader
D:\GigBrains\Python разработчик\8. Фреймворк Django\HW\seminar\myapp\views.py changed, reloading.
Watching for file changes with StatReloader
D:\GigBrains\Python разработчик\8. Фреймворк Django\HW\seminar\myapp\views.py changed, reloading.
Watching for file changes with StatReloader
D:\GigBrains\Python разработчик\8. Фреймворк Django\HW\seminar\myapp\views.py changed, reloading.
Watching for file changes with StatReloader
D:\GigBrains\Python разработчик\8. Фреймворк Django\HW\seminar\myapp\views.py changed, reloading.
Watching for file changes with StatReloader
D:\GigBrains\Python разработчик\8. Фреймворк Django\HW\seminar\myapp\views.py changed, reloading.
Watching for file changes with StatReloader
D:\GigBrains\Python разработчик\8. Фреймворк Django\HW\seminar\myapp\views.py changed, reloading.
Watching for file changes with StatReloader
D:\GigBrains\Python разработчик\8. Фреймворк Django\HW\seminar\myapp\views.py changed, reloading.
Watching for file changes with StatReloader
D:\GigBrains\Python разработчик\8. Фреймворк Django\HW\seminar\myapp\views.py changed, reloading.
Watching for file changes with StatReloader
D:\GigBrains\Python разработчик\8. Фреймворк Django\HW\seminar\myapp\views.py changed, reloading.
Watching for file changes with StatReloader
D:\GigBrains\Python разработчик\8. Фреймворк Django\HW\seminar\myapp\views.py changed, reloading.
Watching for file changes with StatReloader
D:\GigBrains\Python разработчик\8. Фреймворк Django\HW\seminar\myapp\views.py changed, reloading.
Watching for file changes with StatReloader
D:\GigBrains\Python разработчик\8. Фреймворк Django\HW\seminar\myapp\views.py changed, reloading.
Watching for file changes with StatReloader
D:\GigBrains\Python разработчик\8. Фреймворк Django\HW\seminar\myapp\views.py changed, reloading.
Watching for file changes with StatReloader
D:\GigBrains\Python разработчик\8. Фреймворк Django\HW\seminar\myapp\views.py changed, reloading.
Watching for file changes with StatReloader
D:\GigBrains\Python разработчик\8. Фреймворк Django\HW\seminar\myapp\views.py changed, reloading.
Watching for file changes with StatReloader
D:\GigBrains\Python разработчик\8. Фреймворк Django\HW\seminar\myapp\views.py changed, reloading.
Watching for file changes with StatReloader
D:\GigBrains\Python разработчик\8. Фреймворк Django\HW\seminar\myapp\views.py changed, reloading.
Watching for file changes with StatReloader
D:\GigBrains\Python разработчик\8. Фреймворк Django\HW\seminar\myapp\views.py changed, reloading.
Watching for file changes with StatReloader
D:\GigBrains\Python разработчик\8. Фреймворк Django\HW\seminar\myapp\views.py changed, reloading.
Watching for file changes with StatReloader
D:\GigBrains\Python разработчик\8. Фреймворк Django\HW\seminar\myapp\views.py changed, reloading.
Watching for file changes with StatReloader
D:\GigBrains\Python разработчик\8. Фреймворк Django\HW\seminar\myapp\views.py changed, reloading.
Watching for file changes with StatReloader
D:\GigBrains\Python разработчик\8. Фреймворк Django\HW\seminar\myapp\views.py changed, reloading.
Watching for file changes with StatReloader
D:\GigBrains\Python разработчик\8. Фреймворк Django\HW\seminar\myapp\views.py changed, reloading.
Watching for file changes with StatReloader
D:\GigBrains\Python разработчик\8. Фреймворк Django\HW\seminar\myapp\views.py changed, reloading.
Watching for file changes with StatReloader
D:\GigBrains\Python разработчик\8. Фреймворк Django\HW\seminar\myapp\views.py changed, reloading.
Watching for file changes with StatReloader
D:\GigBrains\Python разработчик\8. Фреймворк Django\HW\seminar\myapp\views.py changed, reloading.
Watching for file changes with StatReloader
D:\GigBrains\Python разработчик\8. Фреймворк Django\HW\seminar\myapp\views.py changed, reloading.
Watching for file changes with StatReloader
D:\GigBrains\Python разработчик\8. Фреймворк Django\HW\seminar\myapp\views.py changed, reloading.
Watching for file changes with StatReloader
D:\GigBrains\Python разработчик\8. Фреймворк Django\HW\seminar\myapp\views.py changed, reloading.
Watching for file changes with StatReloader
D:\GigBrains\Python разработчик\8. Фреймворк Django\HW\seminar\myapp\views.py changed, reloading.
Watching for file changes with StatReloader
D:\GigBrains\Python разработчик\8. Фреймворк Django\HW\seminar\myapp\views.py changed, reloading.
Watching for file changes with StatReloader
D:\GigBrains\Python разработчик\8. Фреймворк Django\HW\seminar\myapp\views.py changed, reloading.
Watching for file changes with StatReloader
D:\GigBrains\Python разработчик\8. Фреймворк Django\HW\seminar\myapp\views.py changed, reloading.
Watching for file changes with StatReloader
D:\GigBrains\Python разработчик\8. Фреймворк Django\HW\seminar\myapp\views.py changed, reloading.
Watching for file changes with StatReloader
D:\GigBrains\Python разработчик\8. Фреймворк Django\HW\seminar\myapp\views.py changed, reloading.
Watching for file changes with StatReloader
D:\GigBrains\Python разработчик\8. Фреймворк Django\HW\seminar\myapp\views.py changed, reloading.
Watching for file changes with StatReloader
D:\GigBrains\Python разработчик\8. Фреймворк Django\HW\seminar\myapp\views.py changed, reloading.
Watching for file changes with StatReloader
D:\GigBrains\Python разработчик\8. Фреймворк Django\HW\seminar\myapp\views.py changed, reloading.
Watching for file changes with StatReloader
D:\GigBrains\Python разработчик\8. Фреймворк Django\HW\seminar\myapp\views.py changed, reloading.
Watching for file changes with StatReloader
D:\GigBrains\Python разработчик\8. Фреймворк Django\HW\seminar\myapp\views.py changed, reloading.
Watching for file changes with StatReloader
D:\GigBrains\Python разработчик\8. Фреймворк Django\HW\seminar\myapp\views.py changed, reloading.
Watching for file changes with StatReloader
D:\GigBrains\Python разработчик\8. Фреймворк Django\HW\seminar\myapp\views.py changed, reloading.
Watching for file changes with StatReloader
D:\GigBrains\Python разработчик\8. Фреймворк Django\HW\seminar\myapp\views.py changed, reloading.
Watching for file changes with StatReloader
D:\GigBrains\Python разработчик\8. Фреймворк Django\HW\seminar\myapp\views.py changed, reloading.
Watching for file changes with StatReloader
D:\GigBrains\Python разработчик\8. Фреймворк Django\HW\seminar\myapp\views.py changed, reloading.
Watching for file changes with StatReloader
D:\GigBrains\Python разработчик\8. Фреймворк Django\HW\seminar\myapp\views.py changed, reloading.
Watching for file changes with StatReloader
D:\GigBrains\Python разработчик\8. Фреймворк Django\HW\seminar\myapp\views.py changed, reloading.
Watching for file changes with StatReloader
D:\GigBrains\Python разработчик\8. Фреймворк Django\HW\seminar\myapp\views.py changed, reloading.
Watching for file changes with StatReloader
D:\GigBrains\Python разработчик\8. Фреймворк Django\HW\seminar\myapp\views.py changed, reloading.
Watching for file changes with StatReloader
D:\GigBrains\Python разработчик\8. Фреймворк Django\HW\seminar\myapp\views.py changed, reloading.
Watching for file changes with StatReloader
D:\GigBrains\Python разработчик\8. Фреймворк Django\HW\seminar\myapp\views.py changed, reloading.
Watching for file changes with StatReloader
D:\GigBrains\Python разработчик\8. Фреймворк Django\HW\seminar\myapp\views.py changed, reloading.
Watching for file changes with StatReloader
D:\GigBrains\Python разработчик\8. Фреймворк Django\HW\seminar\myapp\views.py changed, reloading.
Watching for file changes with StatReloader
D:\GigBrains\Python разработчик\8. Фреймворк Django\HW\seminar\myapp\views.py changed, reloading.
Watching for file changes with StatReloader
Not Found: /favicon.ico
"GET /favicon.ico HTTP/1.1" 404 2218
Internal Server Error: /prefix/
Traceback (most recent call last):
  File "D:\GigBrains\Python разработчик\8. Фреймворк Django\HW\venv\Lib\site-packages\django\core\handlers\exception.py", line 55, in inner
    response = get_response(request)
               ^^^^^^^^^^^^^^^^^^^^^
  File "D:\GigBrains\Python разработчик\8. Фреймворк Django\HW\venv\Lib\site-packages\django\core\handlers\base.py", line 197, in _get_response
    response = wrapped_callback(request, *callback_args, **callback_kwargs)
               ^^^^^^^^^^^^^^^^^^^^^^^^^^^^^^^^^^^^^^^^^^^^^^^^^^^^^^^^^^^^
  File "D:\GigBrains\Python разработчик\8. Фреймворк Django\HW\seminar\myapp\views.py", line 10, in index
    logger.info('Index page accessed')
    ^^^^^^
NameError: name 'logger' is not defined
"GET /prefix/ HTTP/1.1" 500 65719
"GET /prefix/about HTTP/1.1" 301 0
Internal Server Error: /prefix/about/
Traceback (most recent call last):
  File "D:\GigBrains\Python разработчик\8. Фреймворк Django\HW\seminar\myapp\views.py", line 17, in about
    result = 1 / 0
             ~~^~~
ZeroDivisionError: division by zero

During handling of the above exception, another exception occurred:

Traceback (most recent call last):
  File "D:\GigBrains\Python разработчик\8. Фреймворк Django\HW\venv\Lib\site-packages\django\core\handlers\exception.py", line 55, in inner
    response = get_response(request)
               ^^^^^^^^^^^^^^^^^^^^^
  File "D:\GigBrains\Python разработчик\8. Фреймворк Django\HW\venv\Lib\site-packages\django\core\handlers\base.py", line 197, in _get_response
    response = wrapped_callback(request, *callback_args, **callback_kwargs)
               ^^^^^^^^^^^^^^^^^^^^^^^^^^^^^^^^^^^^^^^^^^^^^^^^^^^^^^^^^^^^
  File "D:\GigBrains\Python разработчик\8. Фреймворк Django\HW\seminar\myapp\views.py", line 19, in about
    logger.exception(f'Error in about page: {e}')
    ^^^^^^
NameError: name 'logger' is not defined
"GET /prefix/about/ HTTP/1.1" 500 68960
Watching for file changes with StatReloader
Internal Server Error: /prefix/about/
Traceback (most recent call last):
  File "D:\GigBrains\Python разработчик\8. Фреймворк Django\HW\seminar\myapp\views.py", line 17, in about
    result = 1 / 0
             ~~^~~
ZeroDivisionError: division by zero

During handling of the above exception, another exception occurred:

Traceback (most recent call last):
  File "D:\GigBrains\Python разработчик\8. Фреймворк Django\HW\venv\Lib\site-packages\django\core\handlers\exception.py", line 55, in inner
    response = get_response(request)
               ^^^^^^^^^^^^^^^^^^^^^
  File "D:\GigBrains\Python разработчик\8. Фреймворк Django\HW\venv\Lib\site-packages\django\core\handlers\base.py", line 197, in _get_response
    response = wrapped_callback(request, *callback_args, **callback_kwargs)
               ^^^^^^^^^^^^^^^^^^^^^^^^^^^^^^^^^^^^^^^^^^^^^^^^^^^^^^^^^^^^
  File "D:\GigBrains\Python разработчик\8. Фреймворк Django\HW\seminar\myapp\views.py", line 19, in about
    logger.exception(f'Error in about page: {e}')
    ^^^^^^
NameError: name 'logger' is not defined
"GET /prefix/about/ HTTP/1.1" 500 69097
Internal Server Error: /prefix/about/
Traceback (most recent call last):
  File "D:\GigBrains\Python разработчик\8. Фреймворк Django\HW\seminar\myapp\views.py", line 17, in about
    result = 1 / 0
             ~~^~~
ZeroDivisionError: division by zero

During handling of the above exception, another exception occurred:

Traceback (most recent call last):
  File "D:\GigBrains\Python разработчик\8. Фреймворк Django\HW\venv\Lib\site-packages\django\core\handlers\exception.py", line 55, in inner
    response = get_response(request)
               ^^^^^^^^^^^^^^^^^^^^^
  File "D:\GigBrains\Python разработчик\8. Фреймворк Django\HW\venv\Lib\site-packages\django\core\handlers\base.py", line 197, in _get_response
    response = wrapped_callback(request, *callback_args, **callback_kwargs)
               ^^^^^^^^^^^^^^^^^^^^^^^^^^^^^^^^^^^^^^^^^^^^^^^^^^^^^^^^^^^^
  File "D:\GigBrains\Python разработчик\8. Фреймворк Django\HW\seminar\myapp\views.py", line 19, in about
    logger.exception(f'Error in about page: {e}')
    ^^^^^^
NameError: name 'logger' is not defined
"GET /prefix/about/ HTTP/1.1" 500 69097
Not Found: /about/
"GET /about/ HTTP/1.1" 404 2203
Internal Server Error: /prefix/about/
Traceback (most recent call last):
  File "D:\GigBrains\Python разработчик\8. Фреймворк Django\HW\seminar\myapp\views.py", line 17, in about
    result = 1 / 0
             ~~^~~
ZeroDivisionError: division by zero

During handling of the above exception, another exception occurred:

Traceback (most recent call last):
  File "D:\GigBrains\Python разработчик\8. Фреймворк Django\HW\venv\Lib\site-packages\django\core\handlers\exception.py", line 55, in inner
    response = get_response(request)
               ^^^^^^^^^^^^^^^^^^^^^
  File "D:\GigBrains\Python разработчик\8. Фреймворк Django\HW\venv\Lib\site-packages\django\core\handlers\base.py", line 197, in _get_response
    response = wrapped_callback(request, *callback_args, **callback_kwargs)
               ^^^^^^^^^^^^^^^^^^^^^^^^^^^^^^^^^^^^^^^^^^^^^^^^^^^^^^^^^^^^
  File "D:\GigBrains\Python разработчик\8. Фреймворк Django\HW\seminar\myapp\views.py", line 19, in about
    logger.exception(f'Error in about page: {e}')
    ^^^^^^
NameError: name 'logger' is not defined
"GET /prefix/about/ HTTP/1.1" 500 68960
D:\GigBrains\Python разработчик\8. Фреймворк Django\HW\seminar\myapp\views.py changed, reloading.
Watching for file changes with StatReloader
D:\GigBrains\Python разработчик\8. Фреймворк Django\HW\seminar\myapp\views.py changed, reloading.
Watching for file changes with StatReloader
D:\GigBrains\Python разработчик\8. Фреймворк Django\HW\seminar\myapp\views.py changed, reloading.
Watching for file changes with StatReloader
D:\GigBrains\Python разработчик\8. Фреймворк Django\HW\seminar\myapp\views.py changed, reloading.
Watching for file changes with StatReloader
D:\GigBrains\Python разработчик\8. Фреймворк Django\HW\seminar\myapp\views.py changed, reloading.
Watching for file changes with StatReloader
D:\GigBrains\Python разработчик\8. Фреймворк Django\HW\seminar\myapp\views.py changed, reloading.
Watching for file changes with StatReloader
D:\GigBrains\Python разработчик\8. Фреймворк Django\HW\seminar\myapp\views.py changed, reloading.
Watching for file changes with StatReloader
D:\GigBrains\Python разработчик\8. Фреймворк Django\HW\seminar\myapp\views.py changed, reloading.
Watching for file changes with StatReloader
D:\GigBrains\Python разработчик\8. Фреймворк Django\HW\seminar\myapp\views.py changed, reloading.
Watching for file changes with StatReloader
D:\GigBrains\Python разработчик\8. Фреймворк Django\HW\seminar\myapp\views.py changed, reloading.
Watching for file changes with StatReloader
D:\GigBrains\Python разработчик\8. Фреймворк Django\HW\seminar\myapp\views.py changed, reloading.
Watching for file changes with StatReloader
D:\GigBrains\Python разработчик\8. Фреймворк Django\HW\seminar\myapp\views.py changed, reloading.
Watching for file changes with StatReloader
D:\GigBrains\Python разработчик\8. Фреймворк Django\HW\seminar\myapp\views.py changed, reloading.
Watching for file changes with StatReloader
D:\GigBrains\Python разработчик\8. Фреймворк Django\HW\seminar\myapp\views.py changed, reloading.
Watching for file changes with StatReloader
D:\GigBrains\Python разработчик\8. Фреймворк Django\HW\seminar\myapp\views.py changed, reloading.
Watching for file changes with StatReloader
D:\GigBrains\Python разработчик\8. Фреймворк Django\HW\seminar\myapp\views.py changed, reloading.
Watching for file changes with StatReloader
D:\GigBrains\Python разработчик\8. Фреймворк Django\HW\seminar\myapp\views.py changed, reloading.
Watching for file changes with StatReloader
D:\GigBrains\Python разработчик\8. Фреймворк Django\HW\seminar\myapp\views.py changed, reloading.
Watching for file changes with StatReloader
D:\GigBrains\Python разработчик\8. Фреймворк Django\HW\seminar\myapp\views.py changed, reloading.
Watching for file changes with StatReloader
D:\GigBrains\Python разработчик\8. Фреймворк Django\HW\seminar\myapp\views.py changed, reloading.
Watching for file changes with StatReloader
D:\GigBrains\Python разработчик\8. Фреймворк Django\HW\seminar\myapp\views.py changed, reloading.
Watching for file changes with StatReloader
D:\GigBrains\Python разработчик\8. Фреймворк Django\HW\seminar\myapp\views.py changed, reloading.
Watching for file changes with StatReloader
D:\GigBrains\Python разработчик\8. Фреймворк Django\HW\seminar\myapp\views.py changed, reloading.
Watching for file changes with StatReloader
D:\GigBrains\Python разработчик\8. Фреймворк Django\HW\seminar\myapp\views.py changed, reloading.
Watching for file changes with StatReloader
D:\GigBrains\Python разработчик\8. Фреймворк Django\HW\seminar\myapp\views.py changed, reloading.
Watching for file changes with StatReloader
D:\GigBrains\Python разработчик\8. Фреймворк Django\HW\seminar\myapp\views.py changed, reloading.
Watching for file changes with StatReloader
D:\GigBrains\Python разработчик\8. Фреймворк Django\HW\seminar\myapp\views.py changed, reloading.
Watching for file changes with StatReloader
D:\GigBrains\Python разработчик\8. Фреймворк Django\HW\seminar\myapp\views.py changed, reloading.
Watching for file changes with StatReloader
D:\GigBrains\Python разработчик\8. Фреймворк Django\HW\seminar\myapp\views.py changed, reloading.
Watching for file changes with StatReloader
D:\GigBrains\Python разработчик\8. Фреймворк Django\HW\seminar\myapp\views.py changed, reloading.
Watching for file changes with StatReloader
D:\GigBrains\Python разработчик\8. Фреймворк Django\HW\seminar\myapp\views.py changed, reloading.
Watching for file changes with StatReloader
D:\GigBrains\Python разработчик\8. Фреймворк Django\HW\seminar\myapp\views.py changed, reloading.
Watching for file changes with StatReloader
D:\GigBrains\Python разработчик\8. Фреймворк Django\HW\seminar\myapp\views.py changed, reloading.
Watching for file changes with StatReloader
D:\GigBrains\Python разработчик\8. Фреймворк Django\HW\seminar\myapp\views.py changed, reloading.
Watching for file changes with StatReloader
D:\GigBrains\Python разработчик\8. Фреймворк Django\HW\seminar\myapp\views.py changed, reloading.
Watching for file changes with StatReloader
D:\GigBrains\Python разработчик\8. Фреймворк Django\HW\seminar\myapp\views.py changed, reloading.
Watching for file changes with StatReloader
D:\GigBrains\Python разработчик\8. Фреймворк Django\HW\seminar\myapp\views.py changed, reloading.
Watching for file changes with StatReloader
Internal Server Error: /prefix/about/
Traceback (most recent call last):
  File "D:\GigBrains\Python разработчик\8. Фреймворк Django\HW\seminar\myapp\views.py", line 17, in about
    result = 1 / 0
             ~~^~~
ZeroDivisionError: division by zero

During handling of the above exception, another exception occurred:

Traceback (most recent call last):
  File "D:\GigBrains\Python разработчик\8. Фреймворк Django\HW\venv\Lib\site-packages\django\core\handlers\exception.py", line 55, in inner
    response = get_response(request)
               ^^^^^^^^^^^^^^^^^^^^^
  File "D:\GigBrains\Python разработчик\8. Фреймворк Django\HW\venv\Lib\site-packages\django\core\handlers\base.py", line 197, in _get_response
    response = wrapped_callback(request, *callback_args, **callback_kwargs)
               ^^^^^^^^^^^^^^^^^^^^^^^^^^^^^^^^^^^^^^^^^^^^^^^^^^^^^^^^^^^^
  File "D:\GigBrains\Python разработчик\8. Фреймворк Django\HW\seminar\myapp\views.py", line 19, in about
    logger.exception(f'Error in about page: {e}')
    ^^^^^^
NameError: name 'logger' is not defined
"GET /prefix/about/ HTTP/1.1" 500 69796
Internal Server Error: /prefix/about/
Traceback (most recent call last):
  File "D:\GigBrains\Python разработчик\8. Фреймворк Django\HW\seminar\myapp\views.py", line 17, in about
    result = 1 / 0
             ~~^~~
ZeroDivisionError: division by zero

During handling of the above exception, another exception occurred:

Traceback (most recent call last):
  File "D:\GigBrains\Python разработчик\8. Фреймворк Django\HW\venv\Lib\site-packages\django\core\handlers\exception.py", line 55, in inner
    response = get_response(request)
               ^^^^^^^^^^^^^^^^^^^^^
  File "D:\GigBrains\Python разработчик\8. Фреймворк Django\HW\venv\Lib\site-packages\django\core\handlers\base.py", line 197, in _get_response
    response = wrapped_callback(request, *callback_args, **callback_kwargs)
               ^^^^^^^^^^^^^^^^^^^^^^^^^^^^^^^^^^^^^^^^^^^^^^^^^^^^^^^^^^^^
  File "D:\GigBrains\Python разработчик\8. Фреймворк Django\HW\seminar\myapp\views.py", line 19, in about
    logger.exception(f'Error in about page: {e}')
    ^^^^^^
NameError: name 'logger' is not defined
"GET /prefix/about/ HTTP/1.1" 500 69796
Internal Server Error: /prefix/about/
Traceback (most recent call last):
  File "D:\GigBrains\Python разработчик\8. Фреймворк Django\HW\seminar\myapp\views.py", line 17, in about
    result = 1 / 0
             ~~^~~
ZeroDivisionError: division by zero

During handling of the above exception, another exception occurred:

Traceback (most recent call last):
  File "D:\GigBrains\Python разработчик\8. Фреймворк Django\HW\venv\Lib\site-packages\django\core\handlers\exception.py", line 55, in inner
    response = get_response(request)
               ^^^^^^^^^^^^^^^^^^^^^
  File "D:\GigBrains\Python разработчик\8. Фреймворк Django\HW\venv\Lib\site-packages\django\core\handlers\base.py", line 197, in _get_response
    response = wrapped_callback(request, *callback_args, **callback_kwargs)
               ^^^^^^^^^^^^^^^^^^^^^^^^^^^^^^^^^^^^^^^^^^^^^^^^^^^^^^^^^^^^
  File "D:\GigBrains\Python разработчик\8. Фреймворк Django\HW\seminar\myapp\views.py", line 19, in about
    logger.exception(f'Error in about page: {e}')
    ^^^^^^
NameError: name 'logger' is not defined
"GET /prefix/about/ HTTP/1.1" 500 69796
Not Found: /
"GET / HTTP/1.1" 404 2167
Not Found: /
"GET / HTTP/1.1" 404 2167
Internal Server Error: /prefix/
Traceback (most recent call last):
  File "D:\GigBrains\Python разработчик\8. Фреймворк Django\HW\venv\Lib\site-packages\django\core\handlers\exception.py", line 55, in inner
    response = get_response(request)
               ^^^^^^^^^^^^^^^^^^^^^
  File "D:\GigBrains\Python разработчик\8. Фреймворк Django\HW\venv\Lib\site-packages\django\core\handlers\base.py", line 197, in _get_response
    response = wrapped_callback(request, *callback_args, **callback_kwargs)
               ^^^^^^^^^^^^^^^^^^^^^^^^^^^^^^^^^^^^^^^^^^^^^^^^^^^^^^^^^^^^
  File "D:\GigBrains\Python разработчик\8. Фреймворк Django\HW\seminar\myapp\views.py", line 10, in index
    logger.info('Index page accessed')
    ^^^^^^
NameError: name 'logger' is not defined
"GET /prefix/ HTTP/1.1" 500 65582
Internal Server Error: /prefix/about/
Traceback (most recent call last):
  File "D:\GigBrains\Python разработчик\8. Фреймворк Django\HW\seminar\myapp\views.py", line 17, in about
    result = 1 / 0
             ~~^~~
ZeroDivisionError: division by zero

During handling of the above exception, another exception occurred:

Traceback (most recent call last):
  File "D:\GigBrains\Python разработчик\8. Фреймворк Django\HW\venv\Lib\site-packages\django\core\handlers\exception.py", line 55, in inner
    response = get_response(request)
               ^^^^^^^^^^^^^^^^^^^^^
  File "D:\GigBrains\Python разработчик\8. Фреймворк Django\HW\venv\Lib\site-packages\django\core\handlers\base.py", line 197, in _get_response
    response = wrapped_callback(request, *callback_args, **callback_kwargs)
               ^^^^^^^^^^^^^^^^^^^^^^^^^^^^^^^^^^^^^^^^^^^^^^^^^^^^^^^^^^^^
  File "D:\GigBrains\Python разработчик\8. Фреймворк Django\HW\seminar\myapp\views.py", line 19, in about
    logger.exception(f'Error in about page: {e}')
    ^^^^^^
NameError: name 'logger' is not defined
"GET /prefix/about/ HTTP/1.1" 500 69659
Internal Server Error: /prefix/
Traceback (most recent call last):
  File "D:\GigBrains\Python разработчик\8. Фреймворк Django\HW\venv\Lib\site-packages\django\core\handlers\exception.py", line 55, in inner
    response = get_response(request)
               ^^^^^^^^^^^^^^^^^^^^^
  File "D:\GigBrains\Python разработчик\8. Фреймворк Django\HW\venv\Lib\site-packages\django\core\handlers\base.py", line 197, in _get_response
    response = wrapped_callback(request, *callback_args, **callback_kwargs)
               ^^^^^^^^^^^^^^^^^^^^^^^^^^^^^^^^^^^^^^^^^^^^^^^^^^^^^^^^^^^^
  File "D:\GigBrains\Python разработчик\8. Фреймворк Django\HW\seminar\myapp\views.py", line 10, in index
    logger.info('Index page accessed')
    ^^^^^^
NameError: name 'logger' is not defined
"GET /prefix/ HTTP/1.1" 500 65582
Watching for file changes with StatReloader
"GET /prefix/ HTTP/1.1" 200 12
"GET /prefix/about/ HTTP/1.1" 200 8
Not Found: /
"GET / HTTP/1.1" 404 2167
Not Found: /
"GET / HTTP/1.1" 404 2167
D:\GigBrains\Python разработчик\8. Фреймворк Django\HW\seminar\seminar\settings.py changed, reloading.
Watching for file changes with StatReloader
D:\GigBrains\Python разработчик\8. Фреймворк Django\HW\seminar\seminar\settings.py changed, reloading.
Watching for file changes with StatReloader
D:\GigBrains\Python разработчик\8. Фреймворк Django\HW\seminar\seminar\settings.py changed, reloading.
Watching for file changes with StatReloader
Not Found: /
"GET / HTTP/1.1" 404 2167
Error in about page: division by zero
Traceback (most recent call last):
  File "D:\GigBrains\Python разработчик\8. Фреймворк Django\HW\seminar\myapp\views.py", line 17, in about
    result = 1 / 0
             ~~^~~
ZeroDivisionError: division by zero
"GET /prefix/about/ HTTP/1.1" 200 8
Index page accessed
"GET /prefix/ HTTP/1.1" 200 12
Watching for file changes with StatReloader
Index page accessed
"GET /prefix/ HTTP/1.1" 200 12
Error in about page: division by zero
Traceback (most recent call last):
  File "D:\GigBrains\Python разработчик\8. Фреймворк Django\HW\seminar\myapp\views.py", line 17, in about
    result = 1 / 0
             ~~^~~
ZeroDivisionError: division by zero
"GET /prefix/about/ HTTP/1.1" 200 8
Not Found: /
"GET / HTTP/1.1" 404 2167
Not Found: /
"GET / HTTP/1.1" 404 2167
D:\GigBrains\Python разработчик\8. Фреймворк Django\HW\seminar\seminar\settings.py changed, reloading.
Watching for file changes with StatReloader
D:\GigBrains\Python разработчик\8. Фреймворк Django\HW\seminar\seminar\settings.py changed, reloading.
INFO 2024-04-01 14:56:01,519 autoreload 3828 9356 Watching for file changes with StatReloader
INFO 2024-04-01 14:56:17,623 views 3828 7368 Index page accessed
INFO 2024-04-01 14:56:17,624 basehttp 3828 7368 "GET /prefix/ HTTP/1.1" 200 12
INFO 2024-04-01 15:15:23,857 autoreload 2848 9880 Watching for file changes with StatReloader
INFO 2024-04-01 15:15:36,431 views 2848 18152 Index page accessed
INFO 2024-04-01 15:15:36,434 basehttp 2848 18152 "GET / HTTP/1.1" 200 200
INFO 2024-04-01 15:15:37,555 views 2848 18152 Index page accessed
INFO 2024-04-01 15:15:37,558 basehttp 2848 18152 "GET / HTTP/1.1" 200 200
INFO 2024-04-01 15:16:04,948 basehttp 2848 15844 "GET /about/ HTTP/1.1" 200 199
